2023-07-14T12:34:01.260+05:30  INFO 4516 --- [restartedMain] com.masai.DemoApplication                : Starting DemoApplication using Java 17.0.6 with PID 4516 (C:\Users\USER\Desktop\SWIGGY\Swiggy\target\classes started by USER in C:\Users\USER\Desktop\SWIGGY\Swiggy)
2023-07-14T12:34:01.261+05:30  INFO 4516 --- [restartedMain] com.masai.DemoApplication                : No active profile set, falling back to 1 default profile: "default"
2023-07-14T12:34:01.465+05:30  INFO 4516 --- [restartedMain] .s.d.r.c.RepositoryConfigurationDelegate : Bootstrapping Spring Data JPA repositories in DEFAULT mode.
2023-07-14T12:34:01.490+05:30  INFO 4516 --- [restartedMain] .s.d.r.c.RepositoryConfigurationDelegate : Finished Spring Data repository scanning in 24 ms. Found 4 JPA repository interfaces.
2023-07-14T12:34:01.593+05:30  INFO 4516 --- [restartedMain] o.s.b.w.embedded.tomcat.TomcatWebServer  : Tomcat initialized with port(s): 8082 (http)
2023-07-14T12:34:01.594+05:30  INFO 4516 --- [restartedMain] o.apache.catalina.core.StandardService   : Starting service [Tomcat]
2023-07-14T12:34:01.595+05:30  INFO 4516 --- [restartedMain] o.apache.catalina.core.StandardEngine    : Starting Servlet engine: [Apache Tomcat/10.1.10]
2023-07-14T12:34:01.622+05:30  INFO 4516 --- [restartedMain] o.a.c.c.C.[Tomcat].[localhost].[/]       : Initializing Spring embedded WebApplicationContext
2023-07-14T12:34:01.623+05:30  INFO 4516 --- [restartedMain] w.s.c.ServletWebServerApplicationContext : Root WebApplicationContext: initialization completed in 360 ms
2023-07-14T12:34:01.672+05:30  INFO 4516 --- [restartedMain] o.hibernate.jpa.internal.util.LogHelper  : HHH000204: Processing PersistenceUnitInfo [name: default]
2023-07-14T12:34:01.681+05:30  INFO 4516 --- [restartedMain] o.h.b.i.BytecodeProviderInitiator        : HHH000021: Bytecode provider name : bytebuddy
2023-07-14T12:34:01.681+05:30  INFO 4516 --- [restartedMain] o.s.o.j.p.SpringPersistenceUnitInfo      : No LoadTimeWeaver setup: ignoring JPA class transformer
2023-07-14T12:34:01.683+05:30  INFO 4516 --- [restartedMain] com.zaxxer.hikari.HikariDataSource       : HikariPool-3 - Starting...
2023-07-14T12:34:01.692+05:30  INFO 4516 --- [restartedMain] com.zaxxer.hikari.pool.HikariPool        : HikariPool-3 - Added connection com.mysql.cj.jdbc.ConnectionImpl@b474705
2023-07-14T12:34:01.692+05:30  INFO 4516 --- [restartedMain] com.zaxxer.hikari.HikariDataSource       : HikariPool-3 - Start completed.
2023-07-14T12:34:01.704+05:30  INFO 4516 --- [restartedMain] o.h.b.i.BytecodeProviderInitiator        : HHH000021: Bytecode provider name : bytebuddy
2023-07-14T12:34:01.752+05:30  INFO 4516 --- [restartedMain] o.h.e.t.j.p.i.JtaPlatformInitiator       : HHH000490: Using JtaPlatform implementation: [org.hibernate.engine.transaction.jta.platform.internal.NoJtaPlatform]
2023-07-14T12:34:01.795+05:30  INFO 4516 --- [restartedMain] j.LocalContainerEntityManagerFactoryBean : Initialized JPA EntityManagerFactory for persistence unit 'default'
2023-07-14T12:34:01.971+05:30  WARN 4516 --- [restartedMain] JpaBaseConfiguration$JpaWebConfiguration : spring.jpa.open-in-view is enabled by default. Therefore, database queries may be performed during view rendering. Explicitly configure spring.jpa.open-in-view to disable this warning
2023-07-14T12:34:02.262+05:30  INFO 4516 --- [restartedMain] o.s.s.web.DefaultSecurityFilterChain     : Will secure any request with [org.springframework.security.web.session.DisableEncodeUrlFilter@4b341881, org.springframework.security.web.context.request.async.WebAsyncManagerIntegrationFilter@1a9c9947, org.springframework.security.web.context.SecurityContextHolderFilter@3ada8a7f, org.springframework.security.web.header.HeaderWriterFilter@4a801f44, org.springframework.security.web.csrf.CsrfFilter@480ea5c6, org.springframework.security.web.authentication.logout.LogoutFilter@225cf6d0, org.springframework.security.web.authentication.UsernamePasswordAuthenticationFilter@41773695, org.springframework.security.web.authentication.ui.DefaultLoginPageGeneratingFilter@720114e6, org.springframework.security.web.authentication.ui.DefaultLogoutPageGeneratingFilter@6227d71f, org.springframework.security.web.authentication.www.BasicAuthenticationFilter@4d8b21d, org.springframework.security.web.savedrequest.RequestCacheAwareFilter@7473877, org.springframework.security.web.servletapi.SecurityContextHolderAwareRequestFilter@38b1568b, org.springframework.security.web.authentication.AnonymousAuthenticationFilter@232ed91c, org.springframework.security.web.access.ExceptionTranslationFilter@3e302f23, org.springframework.security.web.access.intercept.AuthorizationFilter@6ab769c1]
2023-07-14T12:34:02.276+05:30  INFO 4516 --- [restartedMain] o.s.b.d.a.OptionalLiveReloadServer       : LiveReload server is running on port 35729
2023-07-14T12:34:02.291+05:30  INFO 4516 --- [restartedMain] o.s.b.w.embedded.tomcat.TomcatWebServer  : Tomcat started on port(s): 8082 (http) with context path ''
2023-07-14T12:34:02.299+05:30  INFO 4516 --- [restartedMain] com.masai.DemoApplication                : Started DemoApplication in 1.084 seconds (process running for 142.123)
2023-07-14T12:34:02.302+05:30  INFO 4516 --- [restartedMain] .ConditionEvaluationDeltaLoggingListener : Condition evaluation unchanged
2023-07-14T12:34:10.894+05:30  INFO 4516 --- [File Watcher] rtingClassPathChangeChangedEventListener : Restarting due to 1 class path change (0 additions, 0 deletions, 1 modification)
2023-07-14T12:34:10.922+05:30  INFO 4516 --- [Thread-11] o.apache.catalina.core.StandardService   : Stopping service [Tomcat]
2023-07-14T12:34:10.947+05:30  INFO 4516 --- [Thread-11] j.LocalContainerEntityManagerFactoryBean : Closing JPA EntityManagerFactory for persistence unit 'default'
2023-07-14T12:34:10.948+05:30  INFO 4516 --- [Thread-11] com.zaxxer.hikari.HikariDataSource       : HikariPool-3 - Shutdown initiated...
2023-07-14T12:34:10.954+05:30  INFO 4516 --- [Thread-11] com.zaxxer.hikari.HikariDataSource       : HikariPool-3 - Shutdown completed.
2023-07-14T12:34:11.044+05:30  INFO 4516 --- [restartedMain] com.masai.DemoApplication                : Starting DemoApplication using Java 17.0.6 with PID 4516 (C:\Users\USER\Desktop\SWIGGY\Swiggy\target\classes started by USER in C:\Users\USER\Desktop\SWIGGY\Swiggy)
2023-07-14T12:34:11.046+05:30  INFO 4516 --- [restartedMain] com.masai.DemoApplication                : No active profile set, falling back to 1 default profile: "default"
2023-07-14T12:34:11.209+05:30  INFO 4516 --- [restartedMain] .s.d.r.c.RepositoryConfigurationDelegate : Bootstrapping Spring Data JPA repositories in DEFAULT mode.
2023-07-14T12:34:11.219+05:30  INFO 4516 --- [restartedMain] .s.d.r.c.RepositoryConfigurationDelegate : Finished Spring Data repository scanning in 10 ms. Found 4 JPA repository interfaces.
2023-07-14T12:34:11.303+05:30  INFO 4516 --- [restartedMain] o.s.b.w.embedded.tomcat.TomcatWebServer  : Tomcat initialized with port(s): 8082 (http)
2023-07-14T12:34:11.304+05:30  INFO 4516 --- [restartedMain] o.apache.catalina.core.StandardService   : Starting service [Tomcat]
2023-07-14T12:34:11.304+05:30  INFO 4516 --- [restartedMain] o.apache.catalina.core.StandardEngine    : Starting Servlet engine: [Apache Tomcat/10.1.10]
2023-07-14T12:34:11.326+05:30  INFO 4516 --- [restartedMain] o.a.c.c.C.[Tomcat].[localhost].[/]       : Initializing Spring embedded WebApplicationContext
2023-07-14T12:34:11.327+05:30  INFO 4516 --- [restartedMain] w.s.c.ServletWebServerApplicationContext : Root WebApplicationContext: initialization completed in 280 ms
2023-07-14T12:34:11.362+05:30  INFO 4516 --- [restartedMain] o.hibernate.jpa.internal.util.LogHelper  : HHH000204: Processing PersistenceUnitInfo [name: default]
2023-07-14T12:34:11.368+05:30  INFO 4516 --- [restartedMain] o.h.b.i.BytecodeProviderInitiator        : HHH000021: Bytecode provider name : bytebuddy
2023-07-14T12:34:11.368+05:30  INFO 4516 --- [restartedMain] o.s.o.j.p.SpringPersistenceUnitInfo      : No LoadTimeWeaver setup: ignoring JPA class transformer
2023-07-14T12:34:11.368+05:30  INFO 4516 --- [restartedMain] com.zaxxer.hikari.HikariDataSource       : HikariPool-4 - Starting...
2023-07-14T12:34:11.377+05:30  INFO 4516 --- [restartedMain] com.zaxxer.hikari.pool.HikariPool        : HikariPool-4 - Added connection com.mysql.cj.jdbc.ConnectionImpl@1acc4fec
2023-07-14T12:34:11.378+05:30  INFO 4516 --- [restartedMain] com.zaxxer.hikari.HikariDataSource       : HikariPool-4 - Start completed.
2023-07-14T12:34:11.403+05:30  INFO 4516 --- [restartedMain] o.h.b.i.BytecodeProviderInitiator        : HHH000021: Bytecode provider name : bytebuddy
2023-07-14T12:34:11.458+05:30  INFO 4516 --- [restartedMain] o.h.e.t.j.p.i.JtaPlatformInitiator       : HHH000490: Using JtaPlatform implementation: [org.hibernate.engine.transaction.jta.platform.internal.NoJtaPlatform]
2023-07-14T12:34:11.498+05:30  INFO 4516 --- [restartedMain] j.LocalContainerEntityManagerFactoryBean : Initialized JPA EntityManagerFactory for persistence unit 'default'
2023-07-14T12:34:11.642+05:30  WARN 4516 --- [restartedMain] JpaBaseConfiguration$JpaWebConfiguration : spring.jpa.open-in-view is enabled by default. Therefore, database queries may be performed during view rendering. Explicitly configure spring.jpa.open-in-view to disable this warning
2023-07-14T12:34:11.903+05:30  INFO 4516 --- [restartedMain] o.s.s.web.DefaultSecurityFilterChain     : Will secure any request with [org.springframework.security.web.session.DisableEncodeUrlFilter@6b5c497d, org.springframework.security.web.context.request.async.WebAsyncManagerIntegrationFilter@380d9dd3, org.springframework.security.web.context.SecurityContextHolderFilter@30777de9, org.springframework.security.web.header.HeaderWriterFilter@2960651f, org.springframework.security.web.csrf.CsrfFilter@39c63b68, org.springframework.security.web.authentication.logout.LogoutFilter@3e9fd411, org.springframework.security.web.authentication.UsernamePasswordAuthenticationFilter@47112bc4, org.springframework.security.web.authentication.ui.DefaultLoginPageGeneratingFilter@1da9d8e6, org.springframework.security.web.authentication.ui.DefaultLogoutPageGeneratingFilter@760cde1d, org.springframework.security.web.authentication.www.BasicAuthenticationFilter@7ee506b, org.springframework.security.web.savedrequest.RequestCacheAwareFilter@38620df4, org.springframework.security.web.servletapi.SecurityContextHolderAwareRequestFilter@374b0b8d, org.springframework.security.web.authentication.AnonymousAuthenticationFilter@314b5bf, org.springframework.security.web.access.ExceptionTranslationFilter@4a98a7c2, org.springframework.security.web.access.intercept.AuthorizationFilter@25a2b1e]
2023-07-14T12:34:11.913+05:30  INFO 4516 --- [restartedMain] o.s.b.d.a.OptionalLiveReloadServer       : LiveReload server is running on port 35729
2023-07-14T12:34:11.923+05:30  INFO 4516 --- [restartedMain] o.s.b.w.embedded.tomcat.TomcatWebServer  : Tomcat started on port(s): 8082 (http) with context path ''
2023-07-14T12:34:11.929+05:30  INFO 4516 --- [restartedMain] com.masai.DemoApplication                : Started DemoApplication in 0.906 seconds (process running for 151.754)
2023-07-14T12:34:11.931+05:30  INFO 4516 --- [restartedMain] .ConditionEvaluationDeltaLoggingListener : Condition evaluation unchanged
2023-07-14T12:34:14.676+05:30  INFO 4516 --- [RMI TCP Connection(17)-127.0.0.1] inMXBeanRegistrar$SpringApplicationAdmin : Application shutdown requested.
2023-07-14T12:34:14.686+05:30  INFO 4516 --- [RMI TCP Connection(17)-127.0.0.1] o.apache.catalina.core.StandardService   : Stopping service [Tomcat]
2023-07-14T12:34:14.691+05:30  INFO 4516 --- [RMI TCP Connection(17)-127.0.0.1] j.LocalContainerEntityManagerFactoryBean : Closing JPA EntityManagerFactory for persistence unit 'default'
2023-07-14T12:34:14.691+05:30  INFO 4516 --- [RMI TCP Connection(17)-127.0.0.1] com.zaxxer.hikari.HikariDataSource       : HikariPool-4 - Shutdown initiated...
2023-07-14T12:34:14.695+05:30  INFO 4516 --- [RMI TCP Connection(17)-127.0.0.1] com.zaxxer.hikari.HikariDataSource       : HikariPool-4 - Shutdown completed.
2023-07-14T12:34:17.817+05:30  INFO 15004 --- [restartedMain] com.masai.DemoApplication                : Starting DemoApplication using Java 17.0.6 with PID 15004 (C:\Users\USER\Desktop\SWIGGY\Swiggy\target\classes started by USER in C:\Users\USER\Desktop\SWIGGY\Swiggy)
2023-07-14T12:34:17.821+05:30  INFO 15004 --- [restartedMain] com.masai.DemoApplication                : No active profile set, falling back to 1 default profile: "default"
2023-07-14T12:34:17.867+05:30  INFO 15004 --- [restartedMain] .e.DevToolsPropertyDefaultsPostProcessor : Devtools property defaults active! Set 'spring.devtools.add-properties' to 'false' to disable
2023-07-14T12:34:17.867+05:30  INFO 15004 --- [restartedMain] .e.DevToolsPropertyDefaultsPostProcessor : For additional web related logging consider setting the 'logging.level.web' property to 'DEBUG'
2023-07-14T12:34:18.855+05:30  INFO 15004 --- [restartedMain] .s.d.r.c.RepositoryConfigurationDelegate : Bootstrapping Spring Data JPA repositories in DEFAULT mode.
2023-07-14T12:34:18.979+05:30  INFO 15004 --- [restartedMain] .s.d.r.c.RepositoryConfigurationDelegate : Finished Spring Data repository scanning in 109 ms. Found 4 JPA repository interfaces.
2023-07-14T12:34:19.711+05:30  INFO 15004 --- [restartedMain] o.s.b.w.embedded.tomcat.TomcatWebServer  : Tomcat initialized with port(s): 8082 (http)
2023-07-14T12:34:19.726+05:30  INFO 15004 --- [restartedMain] o.apache.catalina.core.StandardService   : Starting service [Tomcat]
2023-07-14T12:34:19.726+05:30  INFO 15004 --- [restartedMain] o.apache.catalina.core.StandardEngine    : Starting Servlet engine: [Apache Tomcat/10.1.10]
2023-07-14T12:34:19.819+05:30  INFO 15004 --- [restartedMain] o.a.c.c.C.[Tomcat].[localhost].[/]       : Initializing Spring embedded WebApplicationContext
2023-07-14T12:34:19.820+05:30  INFO 15004 --- [restartedMain] w.s.c.ServletWebServerApplicationContext : Root WebApplicationContext: initialization completed in 1952 ms
2023-07-14T12:34:20.138+05:30  INFO 15004 --- [restartedMain] o.hibernate.jpa.internal.util.LogHelper  : HHH000204: Processing PersistenceUnitInfo [name: default]
2023-07-14T12:34:20.220+05:30  INFO 15004 --- [restartedMain] org.hibernate.Version                    : HHH000412: Hibernate ORM core version 6.2.5.Final
2023-07-14T12:34:20.223+05:30  INFO 15004 --- [restartedMain] org.hibernate.cfg.Environment            : HHH000406: Using bytecode reflection optimizer
2023-07-14T12:34:20.350+05:30  INFO 15004 --- [restartedMain] o.h.b.i.BytecodeProviderInitiator        : HHH000021: Bytecode provider name : bytebuddy
2023-07-14T12:34:20.474+05:30  INFO 15004 --- [restartedMain] o.s.o.j.p.SpringPersistenceUnitInfo      : No LoadTimeWeaver setup: ignoring JPA class transformer
2023-07-14T12:34:20.492+05:30  INFO 15004 --- [restartedMain] com.zaxxer.hikari.HikariDataSource       : HikariPool-1 - Starting...
2023-07-14T12:34:20.786+05:30  INFO 15004 --- [restartedMain] com.zaxxer.hikari.pool.HikariPool        : HikariPool-1 - Added connection com.mysql.cj.jdbc.ConnectionImpl@55da5ae9
2023-07-14T12:34:20.788+05:30  INFO 15004 --- [restartedMain] com.zaxxer.hikari.HikariDataSource       : HikariPool-1 - Start completed.
2023-07-14T12:34:21.080+05:30  INFO 15004 --- [restartedMain] o.h.b.i.BytecodeProviderInitiator        : HHH000021: Bytecode provider name : bytebuddy
2023-07-14T12:34:21.702+05:30  INFO 15004 --- [restartedMain] o.h.e.t.j.p.i.JtaPlatformInitiator       : HHH000490: Using JtaPlatform implementation: [org.hibernate.engine.transaction.jta.platform.internal.NoJtaPlatform]
2023-07-14T12:34:21.795+05:30  INFO 15004 --- [restartedMain] j.LocalContainerEntityManagerFactoryBean : Initialized JPA EntityManagerFactory for persistence unit 'default'
2023-07-14T12:34:22.123+05:30  WARN 15004 --- [restartedMain] JpaBaseConfiguration$JpaWebConfiguration : spring.jpa.open-in-view is enabled by default. Therefore, database queries may be performed during view rendering. Explicitly configure spring.jpa.open-in-view to disable this warning
2023-07-14T12:34:22.725+05:30  INFO 15004 --- [restartedMain] o.s.s.web.DefaultSecurityFilterChain     : Will secure any request with [org.springframework.security.web.session.DisableEncodeUrlFilter@623ca6f3, org.springframework.security.web.context.request.async.WebAsyncManagerIntegrationFilter@1eaa1de4, org.springframework.security.web.context.SecurityContextHolderFilter@1a9170d3, org.springframework.security.web.header.HeaderWriterFilter@5027a6d, org.springframework.security.web.csrf.CsrfFilter@1a39d285, org.springframework.security.web.authentication.logout.LogoutFilter@3428ffa3, org.springframework.security.web.authentication.UsernamePasswordAuthenticationFilter@22d61165, org.springframework.security.web.authentication.ui.DefaultLoginPageGeneratingFilter@72207238, org.springframework.security.web.authentication.ui.DefaultLogoutPageGeneratingFilter@132cad25, org.springframework.security.web.authentication.www.BasicAuthenticationFilter@69c2a51d, org.springframework.security.web.savedrequest.RequestCacheAwareFilter@5682901c, org.springframework.security.web.servletapi.SecurityContextHolderAwareRequestFilter@6bb67f3f, org.springframework.security.web.authentication.AnonymousAuthenticationFilter@75948550, org.springframework.security.web.access.ExceptionTranslationFilter@47f9ca1c, org.springframework.security.web.access.intercept.AuthorizationFilter@23772e9f]
2023-07-14T12:34:22.759+05:30  INFO 15004 --- [restartedMain] o.s.b.d.a.OptionalLiveReloadServer       : LiveReload server is running on port 35729
2023-07-14T12:34:22.792+05:30  INFO 15004 --- [restartedMain] o.s.b.w.embedded.tomcat.TomcatWebServer  : Tomcat started on port(s): 8082 (http) with context path ''
2023-07-14T12:34:22.802+05:30  INFO 15004 --- [restartedMain] com.masai.DemoApplication                : Started DemoApplication in 5.34 seconds (process running for 6.188)
2023-07-14T12:34:29.361+05:30  INFO 15004 --- [http-nio-8082-exec-1] o.a.c.c.C.[Tomcat].[localhost].[/]       : Initializing Spring DispatcherServlet 'dispatcherServlet'
2023-07-14T12:34:29.363+05:30  INFO 15004 --- [http-nio-8082-exec-1] o.s.web.servlet.DispatcherServlet        : Initializing Servlet 'dispatcherServlet'
2023-07-14T12:34:29.365+05:30  INFO 15004 --- [http-nio-8082-exec-1] o.s.web.servlet.DispatcherServlet        : Completed initialization in 2 ms
2023-07-14T12:34:29.414+05:30  INFO 15004 --- [http-nio-8082-exec-1] c.masai.Controller.CustomerController    : Doing Good
2023-07-14T12:34:30.373+05:30  WARN 15004 --- [http-nio-8082-exec-2] o.s.web.servlet.PageNotFound             : No mapping for GET /favicon.ico
2023-07-14T12:34:30.382+05:30 ERROR 15004 --- [http-nio-8082-exec-2] c.m.Exceptions.GlobalExceptionHandler    : No endpoint GET /favicon.ico.
2023-07-14T12:34:30.416+05:30  WARN 15004 --- [http-nio-8082-exec-2] .m.m.a.ExceptionHandlerExceptionResolver : Resolved [org.springframework.web.servlet.NoHandlerFoundException: No endpoint GET /favicon.ico.]
2023-07-14T12:35:38.219+05:30  INFO 15004 --- [RMI TCP Connection(11)-127.0.0.1] inMXBeanRegistrar$SpringApplicationAdmin : Application shutdown requested.
2023-07-14T12:35:38.231+05:30  INFO 15004 --- [RMI TCP Connection(11)-127.0.0.1] o.apache.catalina.core.StandardService   : Stopping service [Tomcat]
2023-07-14T12:35:38.232+05:30  INFO 15004 --- [RMI TCP Connection(11)-127.0.0.1] o.a.c.c.C.[Tomcat].[localhost].[/]       : Destroying Spring FrameworkServlet 'dispatcherServlet'
2023-07-14T12:35:38.242+05:30  INFO 15004 --- [RMI TCP Connection(11)-127.0.0.1] j.LocalContainerEntityManagerFactoryBean : Closing JPA EntityManagerFactory for persistence unit 'default'
2023-07-14T12:35:38.247+05:30  INFO 15004 --- [RMI TCP Connection(11)-127.0.0.1] com.zaxxer.hikari.HikariDataSource       : HikariPool-1 - Shutdown initiated...
2023-07-14T12:35:38.252+05:30  INFO 15004 --- [RMI TCP Connection(11)-127.0.0.1] com.zaxxer.hikari.HikariDataSource       : HikariPool-1 - Shutdown completed.
2023-07-14T12:35:40.450+05:30  INFO 12932 --- [restartedMain] com.masai.DemoApplication                : Starting DemoApplication using Java 17.0.6 with PID 12932 (C:\Users\USER\Desktop\SWIGGY\Swiggy\target\classes started by USER in C:\Users\USER\Desktop\SWIGGY\Swiggy)
2023-07-14T12:35:40.453+05:30  INFO 12932 --- [restartedMain] com.masai.DemoApplication                : No active profile set, falling back to 1 default profile: "default"
2023-07-14T12:35:40.489+05:30  INFO 12932 --- [restartedMain] .e.DevToolsPropertyDefaultsPostProcessor : Devtools property defaults active! Set 'spring.devtools.add-properties' to 'false' to disable
2023-07-14T12:35:40.490+05:30  INFO 12932 --- [restartedMain] .e.DevToolsPropertyDefaultsPostProcessor : For additional web related logging consider setting the 'logging.level.web' property to 'DEBUG'
2023-07-14T12:35:41.172+05:30  INFO 12932 --- [restartedMain] .s.d.r.c.RepositoryConfigurationDelegate : Bootstrapping Spring Data JPA repositories in DEFAULT mode.
2023-07-14T12:35:41.259+05:30  INFO 12932 --- [restartedMain] .s.d.r.c.RepositoryConfigurationDelegate : Finished Spring Data repository scanning in 79 ms. Found 4 JPA repository interfaces.
2023-07-14T12:35:42.001+05:30  INFO 12932 --- [restartedMain] o.s.b.w.embedded.tomcat.TomcatWebServer  : Tomcat initialized with port(s): 8082 (http)
2023-07-14T12:35:42.014+05:30  INFO 12932 --- [restartedMain] o.apache.catalina.core.StandardService   : Starting service [Tomcat]
2023-07-14T12:35:42.014+05:30  INFO 12932 --- [restartedMain] o.apache.catalina.core.StandardEngine    : Starting Servlet engine: [Apache Tomcat/10.1.10]
2023-07-14T12:35:42.089+05:30  INFO 12932 --- [restartedMain] o.a.c.c.C.[Tomcat].[localhost].[/]       : Initializing Spring embedded WebApplicationContext
2023-07-14T12:35:42.090+05:30  INFO 12932 --- [restartedMain] w.s.c.ServletWebServerApplicationContext : Root WebApplicationContext: initialization completed in 1600 ms
2023-07-14T12:35:42.327+05:30  INFO 12932 --- [restartedMain] o.hibernate.jpa.internal.util.LogHelper  : HHH000204: Processing PersistenceUnitInfo [name: default]
2023-07-14T12:35:42.378+05:30  INFO 12932 --- [restartedMain] org.hibernate.Version                    : HHH000412: Hibernate ORM core version 6.2.5.Final
2023-07-14T12:35:42.382+05:30  INFO 12932 --- [restartedMain] org.hibernate.cfg.Environment            : HHH000406: Using bytecode reflection optimizer
2023-07-14T12:35:42.548+05:30  INFO 12932 --- [restartedMain] o.h.b.i.BytecodeProviderInitiator        : HHH000021: Bytecode provider name : bytebuddy
2023-07-14T12:35:42.679+05:30  INFO 12932 --- [restartedMain] o.s.o.j.p.SpringPersistenceUnitInfo      : No LoadTimeWeaver setup: ignoring JPA class transformer
2023-07-14T12:35:42.703+05:30  INFO 12932 --- [restartedMain] com.zaxxer.hikari.HikariDataSource       : HikariPool-1 - Starting...
2023-07-14T12:35:42.960+05:30  INFO 12932 --- [restartedMain] com.zaxxer.hikari.pool.HikariPool        : HikariPool-1 - Added connection com.mysql.cj.jdbc.ConnectionImpl@2f6eb0c8
2023-07-14T12:35:42.961+05:30  INFO 12932 --- [restartedMain] com.zaxxer.hikari.HikariDataSource       : HikariPool-1 - Start completed.
2023-07-14T12:35:43.250+05:30  INFO 12932 --- [restartedMain] o.h.b.i.BytecodeProviderInitiator        : HHH000021: Bytecode provider name : bytebuddy
2023-07-14T12:35:43.829+05:30  INFO 12932 --- [restartedMain] o.h.e.t.j.p.i.JtaPlatformInitiator       : HHH000490: Using JtaPlatform implementation: [org.hibernate.engine.transaction.jta.platform.internal.NoJtaPlatform]
2023-07-14T12:35:43.908+05:30  INFO 12932 --- [restartedMain] j.LocalContainerEntityManagerFactoryBean : Initialized JPA EntityManagerFactory for persistence unit 'default'
2023-07-14T12:35:44.241+05:30  WARN 12932 --- [restartedMain] JpaBaseConfiguration$JpaWebConfiguration : spring.jpa.open-in-view is enabled by default. Therefore, database queries may be performed during view rendering. Explicitly configure spring.jpa.open-in-view to disable this warning
2023-07-14T12:35:44.802+05:30  INFO 12932 --- [restartedMain] o.s.s.web.DefaultSecurityFilterChain     : Will secure any request with [org.springframework.security.web.session.DisableEncodeUrlFilter@5b69b942, org.springframework.security.web.context.request.async.WebAsyncManagerIntegrationFilter@343ead1a, org.springframework.security.web.context.SecurityContextHolderFilter@1b5fdaa8, org.springframework.security.web.header.HeaderWriterFilter@4ffd08d1, org.springframework.security.web.csrf.CsrfFilter@61976591, org.springframework.security.web.authentication.logout.LogoutFilter@20467ed3, org.springframework.security.web.authentication.UsernamePasswordAuthenticationFilter@1197d818, org.springframework.security.web.authentication.ui.DefaultLoginPageGeneratingFilter@24b2df96, org.springframework.security.web.authentication.ui.DefaultLogoutPageGeneratingFilter@65e8eed4, org.springframework.security.web.authentication.www.BasicAuthenticationFilter@6e002702, org.springframework.security.web.savedrequest.RequestCacheAwareFilter@2276b289, org.springframework.security.web.servletapi.SecurityContextHolderAwareRequestFilter@73304b20, org.springframework.security.web.authentication.AnonymousAuthenticationFilter@72f464f2, org.springframework.security.web.access.ExceptionTranslationFilter@6efeb8a5, org.springframework.security.web.access.intercept.AuthorizationFilter@1291572e]
2023-07-14T12:35:44.834+05:30  INFO 12932 --- [restartedMain] o.s.b.d.a.OptionalLiveReloadServer       : LiveReload server is running on port 35729
2023-07-14T12:35:44.881+05:30  INFO 12932 --- [restartedMain] o.s.b.w.embedded.tomcat.TomcatWebServer  : Tomcat started on port(s): 8082 (http) with context path ''
2023-07-14T12:35:44.890+05:30  INFO 12932 --- [restartedMain] com.masai.DemoApplication                : Started DemoApplication in 4.749 seconds (process running for 5.44)
2023-07-14T12:35:51.800+05:30  INFO 12932 --- [http-nio-8082-exec-1] o.a.c.c.C.[Tomcat].[localhost].[/]       : Initializing Spring DispatcherServlet 'dispatcherServlet'
2023-07-14T12:35:51.801+05:30  INFO 12932 --- [http-nio-8082-exec-1] o.s.web.servlet.DispatcherServlet        : Initializing Servlet 'dispatcherServlet'
2023-07-14T12:35:51.802+05:30  INFO 12932 --- [http-nio-8082-exec-1] o.s.web.servlet.DispatcherServlet        : Completed initialization in 1 ms
2023-07-14T12:35:51.846+05:30  INFO 12932 --- [http-nio-8082-exec-1] c.masai.Controller.CustomerController    : Doing Good
2023-07-14T12:35:52.627+05:30  WARN 12932 --- [http-nio-8082-exec-2] o.s.web.servlet.PageNotFound             : No mapping for GET /favicon.ico
2023-07-14T12:35:52.641+05:30 ERROR 12932 --- [http-nio-8082-exec-2] c.m.Exceptions.GlobalExceptionHandler    : No endpoint GET /favicon.ico.
2023-07-14T12:35:52.653+05:30  WARN 12932 --- [http-nio-8082-exec-2] .m.m.a.ExceptionHandlerExceptionResolver : Resolved [org.springframework.web.servlet.NoHandlerFoundException: No endpoint GET /favicon.ico.]
2023-07-14T12:36:58.803+05:30  INFO 12932 --- [File Watcher] rtingClassPathChangeChangedEventListener : Restarting due to 1 class path change (1 addition, 0 deletions, 0 modifications)
2023-07-14T12:36:58.863+05:30  INFO 12932 --- [Thread-5] o.apache.catalina.core.StandardService   : Stopping service [Tomcat]
2023-07-14T12:36:58.872+05:30  INFO 12932 --- [Thread-5] o.a.c.c.C.[Tomcat].[localhost].[/]       : Destroying Spring FrameworkServlet 'dispatcherServlet'
2023-07-14T12:36:58.927+05:30  INFO 12932 --- [Thread-5] j.LocalContainerEntityManagerFactoryBean : Closing JPA EntityManagerFactory for persistence unit 'default'
2023-07-14T12:36:58.938+05:30  INFO 12932 --- [Thread-5] com.zaxxer.hikari.HikariDataSource       : HikariPool-1 - Shutdown initiated...
2023-07-14T12:36:58.970+05:30  INFO 12932 --- [Thread-5] com.zaxxer.hikari.HikariDataSource       : HikariPool-1 - Shutdown completed.
